669 852 
h = -1
check 199
199 : 2000199
1199 : 1001199
2199 : 3002199
3199 : 2003199
4199 : 1004199
5199 : 3005199
6199 : 2006199
7199 : 1007199
8199 : 3008199
9199 : 2009199
10199 : 1010199
11199 : 3011199
12199 : 2012199
13199 : 1013199
14199 : 3014199
15199 : 2015199
16199 : 1016199
17199 : 3017199
18199 : 2018199
19199 : 1019199
20199 : 3020199
21199 : 2021199
22199 : 1022199
23199 : 3023199
24199 : 2024199
25199 : 1025199
26199 : 3026199
27199 : 2027199
28199 : 1028199
29199 : 3029199
30199 : 2030199
31199 : 1031199
32199 : 3032199
33199 : 2033199
34199 : 1034199
35199 : 3035199
36199 : 2036199
37199 : 1037199
38199 : 3038199
39199 : 2039199
40199 : 1040199
41199 : 41199
42199 : 2042199
43199 : 1043199
44199 : 3044199
45199 : 2045199
46199 : 1046199
47199 : 3047199
48199 : 2048199
49199 : 1049199
50199 : 50199
51199 : 2051199
52199 : 1052199
53199 : 3053199
54199 : 2054199
55199 : 1055199
56199 : 3056199
57199 : 2057199
58199 : 1058199
59199 : 59199
60199 : 2060199
61199 : 1061199
62199 : 3062199
63199 : 2063199
64199 : 1064199
65199 : 3065199
66199 : 2066199
67199 : 1067199
68199 : 68199
69199 : 2069199
70199 : 1070199
71199 : 3071199
72199 : 2072199
73199 : 1073199
74199 : 3074199
75199 : 2075199
76199 : 1076199
77199 : 77199
78199 : 2078199
79199 : 1079199
80199 : 3080199
81199 : 2081199
82199 : 1082199
83199 : 3083199
84199 : 2084199
85199 : 1085199
86199 : 86199
87199 : 2087199
88199 : 1088199
89199 : 3089199
90199 : 2090199
91199 : 1091199
92199 : 3092199
93199 : 2093199
94199 : 1094199
95199 : 95199
96199 : 2096199
97199 : 1097199
98199 : 3098199
99199 : 2099199
100199 : 1100199
101199 : 101199
102199 : 2102199
103199 : 1103199
104199 : 104199
105199 : 2105199
106199 : 1106199
107199 : 3107199
108199 : 2108199
109199 : 1109199
110199 : 110199
111199 : 2111199
112199 : 1112199
113199 : 113199
114199 : 2114199
115199 : 1115199
116199 : 3116199
117199 : 2117199
118199 : 1118199
119199 : 119199
120199 : 2120199
121199 : 1121199
122199 : 122199
123199 : 2123199
124199 : 1124199
125199 : 3125199
126199 : 2126199
127199 : 1127199
128199 : 128199
129199 : 2129199
130199 : 1130199
131199 : 131199
132199 : 2132199
133199 : 1133199
134199 : 3134199
135199 : 2135199
136199 : 1136199
137199 : 137199
138199 : 2138199
139199 : 1139199
140199 : 140199
141199 : 2141199
142199 : 1142199
143199 : 3143199
144199 : 2144199
145199 : 1145199
146199 : 146199
147199 : 2147199
148199 : 1148199
149199 : 149199
150199 : 2150199
151199 : 1151199
152199 : 152199
153199 : 2153199
154199 : 1154199
155199 : 155199
156199 : 2156199
157199 : 1157199
158199 : 158199
159199 : 2159199
160199 : 1160199
161199 : 161199
162199 : 2162199
163199 : 1163199
164199 : 164199
165199 : 2165199
166199 : 1166199
167199 : 167199
168199 : 2168199
169199 : 1169199
170199 : 170199
171199 : 2171199
172199 : 1172199
173199 : 173199
174199 : 2174199
175199 : 1175199
176199 : 176199
177199 : 2177199
178199 : 1178199
179199 : 179199
180199 : 2180199
181199 : 1181199
182199 : 182199
183199 : 2183199
184199 : 1184199
185199 : 185199
186199 : 2186199
187199 : 1187199
188199 : 188199
189199 : 2189199
190199 : 1190199
191199 : 191199
192199 : 2192199
193199 : 1193199
194199 : 194199
195199 : 2195199
196199 : 1196199
197199 : 197199
198199 : 2198199
199199 : 1199199
200199 : 200199
201199 : 2201199
202199 : 1202199
203199 : 203199
204199 : 2204199
205199 : 1205199
206199 : 206199
207199 : 2207199
208199 : 1208199
209199 : 209199
210199 : 2210199
211199 : 1211199
212199 : 212199
213199 : 2213199
214199 : 1214199
215199 : 215199
216199 : 2216199
217199 : 1217199
218199 : 218199
219199 : 2219199
220199 : 1220199
221199 : 221199
222199 : 2222199
223199 : 1223199
224199 : 224199
225199 : 2225199
226199 : 1226199
227199 : 227199
228199 : 2228199
229199 : 1229199
230199 : 230199
231199 : 2231199
232199 : 1232199
233199 : 233199
234199 : 2234199
235199 : 1235199
236199 : 236199
237199 : 2237199
238199 : 1238199
239199 : 239199
240199 : 2240199
241199 : 1241199
242199 : 242199
243199 : 2243199
244199 : 1244199
245199 : 245199
246199 : 2246199
247199 : 1247199
248199 : 248199
249199 : 2249199
250199 : 1250199
251199 : 251199
252199 : 2252199
253199 : 1253199
254199 : 254199
255199 : 2255199
256199 : 1256199
257199 : 257199
258199 : 2258199
259199 : 1259199
260199 : 260199
261199 : 2261199
262199 : 1262199
263199 : 263199
264199 : 2264199
265199 : 1265199
266199 : 266199
267199 : 2267199
268199 : 1268199
269199 : 269199
270199 : 2270199
271199 : 1271199
272199 : 272199
273199 : 2273199
274199 : 1274199
275199 : 275199
276199 : 2276199
277199 : 1277199
278199 : 278199
279199 : 2279199
280199 : 1280199
281199 : 281199
282199 : 2282199
283199 : 1283199
284199 : 284199
285199 : 2285199
286199 : 1286199
287199 : 287199
288199 : 2288199
289199 : 1289199
290199 : 290199
291199 : 2291199
292199 : 1292199
293199 : 293199
294199 : 2294199
295199 : 1295199
296199 : 296199
297199 : 2297199
298199 : 1298199
299199 : 299199
300199 : 2300199
301199 : 1301199
302199 : 302199
303199 : 2303199
304199 : 1304199
305199 : 305199
306199 : 2306199
307199 : 1307199
308199 : 308199
309199 : 2309199
310199 : 1310199
311199 : 311199
312199 : 2312199
313199 : 1313199
314199 : 314199
315199 : 2315199
316199 : 1316199
317199 : 317199
318199 : 2318199
319199 : 1319199
320199 : 320199
321199 : 2321199
322199 : 1322199
323199 : 323199
324199 : 2324199
325199 : 1325199
326199 : 326199
327199 : 2327199
328199 : 1328199
329199 : 329199
330199 : 2330199
331199 : 1331199
332199 : 332199
333199 : 2333199
334199 : 1334199
335199 : 335199
336199 : 2336199
337199 : 1337199
338199 : 338199
339199 : 2339199
340199 : 1340199
341199 : 341199
342199 : 2342199
343199 : 1343199
344199 : 344199
345199 : 2345199
346199 : 1346199
347199 : 347199
348199 : 2348199
349199 : 1349199
350199 : 350199
351199 : 2351199
352199 : 1352199
353199 : 353199
354199 : 2354199
355199 : 1355199
356199 : 356199
357199 : 2357199
358199 : 1358199
359199 : 359199
360199 : 2360199
361199 : 1361199
362199 : 362199
363199 : 2363199
364199 : 1364199
365199 : 365199
366199 : 2366199
367199 : 1367199
368199 : 368199
369199 : 2369199
370199 : 1370199
371199 : 371199
372199 : 2372199
373199 : 1373199
374199 : 374199
375199 : 2375199
376199 : 1376199
377199 : 377199
378199 : 2378199
379199 : 1379199
380199 : 380199
381199 : 2381199
382199 : 1382199
383199 : 383199
384199 : 2384199
385199 : 1385199
386199 : 386199
387199 : 2387199
388199 : 1388199
389199 : 389199
390199 : 2390199
391199 : 1391199
392199 : 392199
393199 : 2393199
394199 : 1394199
395199 : 395199
396199 : 2396199
397199 : 1397199
398199 : 398199
399199 : 2399199
400199 : 1400199
401199 : 401199
402199 : 2402199
403199 : 1403199
404199 : 404199
405199 : 2405199
406199 : 1406199
407199 : 407199
408199 : 2408199
409199 : 1409199
410199 : 410199
411199 : 2411199
412199 : 1412199
413199 : 413199
414199 : 2414199
415199 : 1415199
416199 : 416199
417199 : 2417199
418199 : 1418199
419199 : 419199
420199 : 2420199
421199 : 1421199
422199 : 422199
423199 : 2423199
424199 : 1424199
425199 : 425199
426199 : 2426199
427199 : 1427199
428199 : 428199
429199 : 2429199
430199 : 1430199
431199 : 431199
432199 : 2432199
433199 : 1433199
434199 : 434199
435199 : 2435199
436199 : 1436199
437199 : 437199
438199 : 2438199
439199 : 1439199
440199 : 440199
441199 : 2441199
442199 : 1442199
443199 : 443199
444199 : 2444199
445199 : 1445199
446199 : 446199
447199 : 2447199
448199 : 1448199
449199 : 449199
450199 : 2450199
451199 : 1451199
452199 : 452199
453199 : 2453199
454199 : 1454199
455199 : 455199
456199 : 2456199
457199 : 1457199
458199 : 458199
459199 : 2459199
460199 : 1460199
461199 : 461199
462199 : 2462199
463199 : 1463199
464199 : 464199
465199 : 2465199
466199 : 1466199
467199 : 467199
468199 : 2468199
469199 : 1469199
470199 : 470199
471199 : 2471199
472199 : 1472199
473199 : 473199
474199 : 2474199
475199 : 1475199
476199 : 476199
477199 : 2477199
478199 : 1478199
479199 : 479199
480199 : 2480199
481199 : 1481199
482199 : 482199
483199 : 2483199
484199 : 1484199
485199 : 485199
486199 : 2486199
487199 : 1487199
488199 : 488199
489199 : 2489199
490199 : 1490199
491199 : 491199
492199 : 2492199
493199 : 1493199
494199 : 494199
495199 : 2495199
496199 : 1496199
497199 : 497199
498199 : 2498199
499199 : 1499199
500199 : 500199
501199 : 2501199
502199 : 1502199
503199 : 503199
504199 : 2504199
505199 : 1505199
506199 : 506199
507199 : 2507199
508199 : 1508199
509199 : 509199
510199 : 2510199
511199 : 1511199
512199 : 512199
513199 : 2513199
514199 : 1514199
515199 : 515199
516199 : 2516199
517199 : 1517199
518199 : 518199
519199 : 2519199
520199 : 1520199
521199 : 521199
522199 : 2522199
523199 : 1523199
524199 : 524199
525199 : 2525199
526199 : 1526199
527199 : 527199
528199 : 2528199
529199 : 1529199
530199 : 530199
531199 : 2531199
532199 : 1532199
533199 : 533199
534199 : 2534199
535199 : 1535199
536199 : 536199
537199 : 2537199
538199 : 1538199
539199 : 539199
540199 : 2540199
541199 : 1541199
542199 : 542199
543199 : 2543199
544199 : 1544199
545199 : 545199
546199 : 2546199
547199 : 1547199
548199 : 548199
549199 : 2549199
550199 : 1550199
551199 : 551199
552199 : 2552199
553199 : 1553199
554199 : 554199
555199 : 2555199
556199 : 1556199
557199 : 557199
558199 : 2558199
559199 : 1559199
560199 : 560199
561199 : 2561199
562199 : 1562199
563199 : 563199
564199 : 2564199
565199 : 1565199
566199 : 566199
567199 : 2567199
568199 : 1568199
569199 : 569199
570199 : 2570199
571199 : 1571199
572199 : 572199
573199 : 2573199
574199 : 1574199
575199 : 575199
576199 : 2576199
577199 : 1577199
578199 : 578199
579199 : 2579199
580199 : 1580199
581199 : 581199
582199 : 2582199
583199 : 1583199
584199 : 584199
585199 : 2585199
586199 : 1586199
587199 : 587199
588199 : 2588199
589199 : 1589199
590199 : 590199
591199 : 2591199
592199 : 1592199
593199 : 593199
594199 : 2594199
595199 : 1595199
596199 : 596199
597199 : 2597199
598199 : 1598199
599199 : 599199
600199 : 2600199
601199 : 1601199
602199 : 602199
603199 : 2603199
604199 : 1604199
605199 : 605199
606199 : 2606199
607199 : 1607199
608199 : 608199
609199 : 2609199
610199 : 1610199
611199 : 611199
612199 : 2612199
613199 : 1613199
614199 : 614199
615199 : 2615199
616199 : 1616199
617199 : 617199
618199 : 2618199
619199 : 1619199
620199 : 620199
621199 : 2621199
622199 : 1622199
623199 : 623199
624199 : 2624199
625199 : 1625199
626199 : 626199
627199 : 2627199
628199 : 1628199
629199 : 629199
630199 : 2630199
631199 : 1631199
632199 : 632199
633199 : 2633199
634199 : 1634199
635199 : 635199
636199 : 2636199
637199 : 1637199
638199 : 638199
639199 : 2639199
640199 : 1640199
641199 : 641199
642199 : 2642199
643199 : 1643199
644199 : 644199
645199 : 2645199
646199 : 1646199
647199 : 647199
648199 : 2648199
649199 : 1649199
650199 : 650199
651199 : 2651199
652199 : 1652199
653199 : 653199
654199 : 2654199
655199 : 1655199
656199 : 656199
657199 : 2657199
658199 : 1658199
659199 : 659199
660199 : 2660199
661199 : 1661199
662199 : 662199
663199 : 2663199
664199 : 1664199
665199 : 665199
666199 : 2666199
667199 : 1667199
668199 : 668199
669199 : 2669199
670199 : 1670199
671199 : 671199
672199 : 2672199
673199 : 1673199
674199 : 674199
675199 : 2675199
676199 : 1676199
677199 : 677199
678199 : 2678199
679199 : 1679199
680199 : 680199
681199 : 2681199
682199 : 1682199
683199 : 683199
684199 : 2684199
685199 : 1685199
686199 : 686199
687199 : 2687199
688199 : 1688199
689199 : 689199
690199 : 2690199
691199 : 1691199
692199 : 692199
693199 : 2693199
694199 : 1694199
695199 : 695199
696199 : 2696199
697199 : 1697199
698199 : 698199
699199 : 2699199
700199 : 1700199
701199 : 701199
702199 : 2702199
703199 : 1703199
704199 : 704199
705199 : 2705199
706199 : 1706199
707199 : 707199
708199 : 2708199
709199 : 1709199
710199 : 710199
711199 : 2711199
712199 : 1712199
713199 : 713199
714199 : 2714199
715199 : 1715199
716199 : 716199
717199 : 2717199
718199 : 1718199
719199 : 719199
720199 : 2720199
721199 : 1721199
722199 : 722199
723199 : 2723199
724199 : 1724199
725199 : 725199
726199 : 2726199
727199 : 1727199
728199 : 728199
729199 : 2729199
730199 : 1730199
731199 : 731199
732199 : 2732199
733199 : 1733199
734199 : 734199
735199 : 2735199
736199 : 1736199
737199 : 737199
738199 : 2738199
739199 : 1739199
740199 : 740199
741199 : 2741199
742199 : 1742199
743199 : 743199
744199 : 2744199
745199 : 1745199
746199 : 746199
747199 : 2747199
748199 : 1748199
749199 : 749199
750199 : 2750199
751199 : 1751199
752199 : 752199
753199 : 2753199
754199 : 1754199
755199 : 755199
756199 : 2756199
757199 : 1757199
758199 : 758199
759199 : 2759199
760199 : 1760199
761199 : 761199
762199 : 2762199
763199 : 1763199
764199 : 764199
765199 : 2765199
766199 : 1766199
767199 : 767199
768199 : 2768199
769199 : 1769199
770199 : 770199
771199 : 2771199
772199 : 1772199
773199 : 773199
774199 : 2774199
775199 : 1775199
776199 : 776199
777199 : 2777199
778199 : 1778199
779199 : 779199
780199 : 2780199
781199 : 1781199
782199 : 782199
783199 : 2783199
784199 : 1784199
785199 : 785199
786199 : 2786199
787199 : 1787199
788199 : 788199
789199 : 2789199
790199 : 1790199
791199 : 791199
792199 : 2792199
793199 : 1793199
794199 : 794199
795199 : 2795199
796199 : 1796199
797199 : 797199
798199 : 2798199
799199 : 1799199
800199 : 800199
801199 : 2801199
802199 : 1802199
803199 : 803199
804199 : 2804199
805199 : 1805199
806199 : 806199
807199 : 2807199
808199 : 1808199
809199 : 809199
810199 : 2810199
811199 : 1811199
812199 : 812199
813199 : 2813199
814199 : 1814199
815199 : 815199
816199 : 2816199
817199 : 1817199
818199 : 818199
819199 : 2819199
820199 : 1820199
821199 : 821199
822199 : 2822199
823199 : 1823199
824199 : 824199
825199 : 2825199
826199 : 1826199
827199 : 827199
828199 : 2828199
829199 : 1829199
830199 : 830199
831199 : 2831199
832199 : 1832199
833199 : 833199
834199 : 2834199
835199 : 1835199
836199 : 836199
837199 : 2837199
838199 : 1838199
839199 : 839199
840199 : 2840199
841199 : 1841199
842199 : 842199
843199 : 2843199
844199 : 1844199
845199 : 845199
846199 : 2846199
847199 : 1847199
848199 : 848199
849199 : 2849199
850199 : 1850199
851199 : 851199
852199 : 2852199
853199 : 1853199
854199 : 854199
855199 : 2855199
856199 : 1856199
857199 : 857199
858199 : 2858199
859199 : 1859199
860199 : 860199
861199 : 2861199
862199 : 1862199
863199 : 863199
864199 : 2864199
865199 : 1865199
866199 : 866199
867199 : 2867199
868199 : 1868199
869199 : 869199
870199 : 2870199
871199 : 1871199
872199 : 872199
873199 : 2873199
874199 : 1874199
875199 : 875199
876199 : 2876199
877199 : 1877199
878199 : 878199
879199 : 2879199
880199 : 1880199
881199 : 881199
882199 : 2882199
883199 : 1883199
884199 : 884199
885199 : 2885199
886199 : 1886199
887199 : 887199
888199 : 2888199
889199 : 1889199
890199 : 890199
891199 : 2891199
892199 : 1892199
893199 : 893199
894199 : 2894199
895199 : 1895199
896199 : 896199
897199 : 2897199
898199 : 1898199
899199 : 899199
900199 : 2900199
901199 : 1901199
902199 : 902199
903199 : 2903199
904199 : 1904199
905199 : 905199
906199 : 2906199
907199 : 1907199
908199 : 908199
909199 : 2909199
910199 : 1910199
911199 : 911199
912199 : 2912199
913199 : 1913199
914199 : 914199
915199 : 2915199
916199 : 1916199
917199 : 917199
918199 : 2918199
919199 : 1919199
920199 : 920199
921199 : 2921199
922199 : 1922199
923199 : 923199
924199 : 2924199
925199 : 1925199
926199 : 926199
927199 : 2927199
928199 : 1928199
929199 : 929199
930199 : 2930199
931199 : 1931199
932199 : 932199
933199 : 2933199
934199 : 1934199
935199 : 935199
936199 : 2936199
937199 : 1937199
938199 : 938199
939199 : 2939199
940199 : 1940199
941199 : 941199
942199 : 2942199
943199 : 1943199
944199 : 944199
945199 : 2945199
946199 : 1946199
947199 : 947199
948199 : 2948199
949199 : 1949199
950199 : 950199
951199 : 2951199
952199 : 1952199
953199 : 953199
954199 : 2954199
955199 : 1955199
956199 : 956199
957199 : 2957199
958199 : 1958199
959199 : 959199
960199 : 2960199
961199 : 1961199
962199 : 962199
963199 : 2963199
964199 : 1964199
965199 : 965199
966199 : 2966199
967199 : 1967199
968199 : 968199
969199 : 2969199
970199 : 1970199
971199 : 971199
972199 : 2972199
973199 : 1973199
974199 : 974199
975199 : 2975199
976199 : 1976199
977199 : 977199
978199 : 2978199
979199 : 1979199
980199 : 980199
981199 : 2981199
982199 : 1982199
983199 : 983199
984199 : 2984199
985199 : 1985199
986199 : 986199
987199 : 2987199
988199 : 1988199
989199 : 989199
990199 : 2990199
991199 : 1991199
992199 : 992199
993199 : 2993199
994199 : 1994199
995199 : 995199
996199 : 2996199
997199 : 1997199
998199 : 998199
999199 : 2999199
