1 1 2 3 3 1 
1 1 
1 1 2 1 
1 1 
1 1 

#h 1
1 1 
#h 2
1 1 1 1 2 1 
#h 3
1 1 1 1 
#h 4
1 1 1 2 2 1 
#h 5
1 1 1 2 2 1 
1 
1 1 1 2 1 
1 1 1 
1 1 2 2 1 
1 1 2 2 1 

1 1 3 5 6 4 1 
1 1 2 1 
1 1 
1 1 
1 1 
1 1 

#h 1
1 1 
#h 2
1 1 1 2 1 
#h 5
1 1 1 2 3 3 1 
#h 6
1 1 1 2 3 3 1 
#h 3
1 1 1 2 3 3 1 
#h 4
1 1 1 2 3 3 1 
1 
1 1 2 1 
1 1 2 3 3 1 
1 1 2 3 3 1 
1 1 2 3 3 1 
1 1 2 3 3 1 

1 1 1 2 3 2 1 
1 1 2 3 2 1 
1 1 1 
1 1 1 
1 1 
1 1 

#h 1
1 1 
#h 2
1 1 1 
#h 3
1 1 1 2 2 1 
#h 5
1 1 1 1 2 2 1 
#h 4
1 1 1 2 2 1 
#h 6
1 1 1 1 2 2 1 
1 
1 1 
1 1 2 2 1 
1 1 2 2 1 
1 1 1 2 2 1 
1 1 1 2 2 1 

