1 3 1 1 0 -> 0 3 1 1 1 
1 3 1 1 0 -> 1 2 1 1 1 
1 3 1 1 0 -> 1 3 0 1 1 
1 3 1 1 0 -> 1 3 1 0 1 
0 3 1 1 1 -> 0 2 1 1 2 
0 3 1 1 1 -> 0 3 0 1 2 
0 3 1 1 1 -> 0 3 1 0 2 
1 2 1 1 1 -> 1 1 1 1 2 
1 2 1 1 1 -> 1 2 0 1 2 
1 2 1 1 1 -> 1 2 1 0 2 
1 3 0 1 1 -> 1 3 0 0 2 
0 2 1 1 2 -> 0 1 1 1 3 
0 2 1 1 2 -> 0 2 0 1 3 
0 2 1 1 2 -> 0 2 1 0 3 
0 3 0 1 2 -> 0 3 0 0 3 
1 1 1 1 2 -> 1 0 1 1 3 
1 1 1 1 2 -> 1 1 0 1 3 
1 1 1 1 2 -> 1 1 1 0 3 
1 2 0 1 2 -> 1 2 0 0 3 
0 1 1 1 3 -> 0 0 1 1 4 
0 1 1 1 3 -> 0 1 0 1 4 
0 1 1 1 3 -> 0 1 1 0 4 
0 2 0 1 3 -> 0 2 0 0 4 
1 0 1 1 3 -> 1 0 0 1 4 
1 0 1 1 3 -> 1 0 1 0 4 
1 1 0 1 3 -> 1 1 0 0 4 
0 0 1 1 4 -> 0 0 0 1 5 
0 0 1 1 4 -> 0 0 1 0 5 
0 0 1 1 4 -> 4 0 1 1 0 
0 0 1 1 4 -> 0 4 1 1 0 
0 0 1 1 4 -> 0 0 5 1 0 
0 0 1 1 4 -> 0 0 1 5 0 
0 1 0 1 4 -> 0 1 0 0 5 
0 1 0 1 4 -> 4 1 0 1 0 
0 1 0 1 4 -> 0 5 0 1 0 
0 1 0 1 4 -> 0 1 4 1 0 
0 1 0 1 4 -> 0 1 0 5 0 
0 1 1 0 4 -> 4 1 1 0 0 
0 1 1 0 4 -> 0 5 1 0 0 
0 1 1 0 4 -> 0 1 5 0 0 
0 1 1 0 4 -> 0 1 1 4 0 
0 2 0 0 4 -> 4 2 0 0 0 
0 2 0 0 4 -> 0 6 0 0 0 
0 2 0 0 4 -> 0 2 4 0 0 
0 2 0 0 4 -> 0 2 0 4 0 
1 0 0 1 4 -> 1 0 0 0 5 
1 0 0 1 4 -> 5 0 0 1 0 
1 0 0 1 4 -> 1 4 0 1 0 
1 0 0 1 4 -> 1 0 4 1 0 
1 0 0 1 4 -> 1 0 0 5 0 
1 0 1 0 4 -> 5 0 1 0 0 
1 0 1 0 4 -> 1 4 1 0 0 
1 0 1 0 4 -> 1 0 5 0 0 
1 0 1 0 4 -> 1 0 1 4 0 
1 1 0 0 4 -> 5 1 0 0 0 
1 1 0 0 4 -> 1 5 0 0 0 
1 1 0 0 4 -> 1 1 4 0 0 
1 1 0 0 4 -> 1 1 0 4 0 
0 0 0 1 5 -> 0 0 0 0 6 
0 0 0 1 5 -> 4 0 0 1 1 
0 0 0 1 5 -> 0 4 0 1 1 
0 0 0 1 5 -> 0 0 4 1 1 
0 0 0 1 5 -> 0 0 0 5 1 
0 0 1 0 5 -> 4 0 1 0 1 
0 0 1 0 5 -> 0 4 1 0 1 
0 0 1 0 5 -> 0 0 5 0 1 
0 0 1 0 5 -> 0 0 1 4 1 
4 0 1 1 0 -> 3 0 1 1 1 
0 1 0 0 5 -> 4 1 0 0 1 
0 1 0 0 5 -> 0 5 0 0 1 
0 1 0 0 5 -> 0 1 4 0 1 
0 1 0 0 5 -> 0 1 0 4 1 
4 1 0 1 0 -> 3 1 0 1 1 
0 1 4 1 0 -> 0 1 3 1 1 
4 1 1 0 0 -> 3 1 1 0 1 
0 1 1 4 0 -> 0 1 1 3 1 
4 2 0 0 0 -> 3 2 0 0 1 
0 2 4 0 0 -> 0 2 3 0 1 
0 2 0 4 0 -> 0 2 0 3 1 
1 0 0 0 5 -> 5 0 0 0 1 
1 0 0 0 5 -> 1 4 0 0 1 
1 0 0 0 5 -> 1 0 4 0 1 
1 0 0 0 5 -> 1 0 0 4 1 
1 0 4 1 0 -> 1 0 3 1 1 
1 0 1 4 0 -> 1 0 1 3 1 
1 1 4 0 0 -> 1 1 3 0 1 
1 1 0 4 0 -> 1 1 0 3 1 
0 0 0 0 6 -> 4 0 0 0 2 
0 0 0 0 6 -> 0 4 0 0 2 
0 0 0 0 6 -> 0 0 4 0 2 
0 0 0 0 6 -> 0 0 0 4 2 
4 0 0 1 1 -> 3 0 0 1 2 
0 0 4 1 1 -> 0 0 3 1 2 
4 0 1 0 1 -> 3 0 1 0 2 
0 0 1 4 1 -> 0 0 1 3 2 
3 0 1 1 1 -> 2 0 1 1 2 
4 1 0 0 1 -> 3 1 0 0 2 
0 1 4 0 1 -> 0 1 3 0 2 
0 1 0 4 1 -> 0 1 0 3 2 
3 1 0 1 1 -> 2 1 0 1 2 
0 1 3 1 1 -> 0 1 2 1 2 
3 1 1 0 1 -> 2 1 1 0 2 
0 1 1 3 1 -> 0 1 1 2 2 
3 2 0 0 1 -> 2 2 0 0 2 
0 2 3 0 1 -> 0 2 2 0 2 
0 2 0 3 1 -> 0 2 0 2 2 
1 0 4 0 1 -> 1 0 3 0 2 
1 0 0 4 1 -> 1 0 0 3 2 
1 0 3 1 1 -> 1 0 2 1 2 
1 0 1 3 1 -> 1 0 1 2 2 
1 1 3 0 1 -> 1 1 2 0 2 
1 1 0 3 1 -> 1 1 0 2 2 
4 0 0 0 2 -> 3 0 0 0 3 
0 0 4 0 2 -> 0 0 3 0 3 
0 0 0 4 2 -> 0 0 0 3 3 
3 0 0 1 2 -> 2 0 0 1 3 
0 0 3 1 2 -> 0 0 2 1 3 
3 0 1 0 2 -> 2 0 1 0 3 
0 0 1 3 2 -> 0 0 1 2 3 
3 1 0 0 2 -> 2 1 0 0 3 
0 1 3 0 2 -> 0 1 2 0 3 
0 1 0 3 2 -> 0 1 0 2 3 
1 0 3 0 2 -> 1 0 2 0 3 
1 0 0 3 2 -> 1 0 0 2 3 
3 0 0 0 3 -> 2 0 0 0 4 
0 0 3 0 3 -> 0 0 2 0 4 
0 0 0 3 3 -> 0 0 0 2 4 
2 0 0 0 4 -> 6 0 0 0 0 
2 0 0 0 4 -> 2 4 0 0 0 
2 0 0 0 4 -> 2 0 4 0 0 
2 0 0 0 4 -> 2 0 0 4 0 
0 0 2 0 4 -> 4 0 2 0 0 
0 0 2 0 4 -> 0 4 2 0 0 
0 0 2 0 4 -> 0 0 6 0 0 
0 0 2 0 4 -> 0 0 2 4 0 
0 0 0 2 4 -> 4 0 0 2 0 
0 0 0 2 4 -> 0 4 0 2 0 
0 0 0 2 4 -> 0 0 4 2 0 
0 0 0 2 4 -> 0 0 0 6 0 
2 4 0 0 0 -> 2 3 0 0 1 
2 0 4 0 0 -> 2 0 3 0 1 
2 0 0 4 0 -> 2 0 0 3 1 
4 0 2 0 0 -> 3 0 2 0 1 
0 4 2 0 0 -> 0 3 2 0 1 
0 0 2 4 0 -> 0 0 2 3 1 
4 0 0 2 0 -> 3 0 0 2 1 
0 4 0 2 0 -> 0 3 0 2 1 
0 0 4 2 0 -> 0 0 3 2 1 
2 0 3 0 1 -> 2 0 2 0 2 
2 0 0 3 1 -> 2 0 0 2 2 
0 0 2 3 1 -> 0 0 2 2 2 
152
0 0 0 0 6 ok
0 0 0 1 5 ok
0 0 0 2 4 ok
0 0 0 3 3 ok
0 0 0 4 2 ok
0 0 0 5 1 ok
0 0 0 6 0 ok
0 0 1 0 5 ok
0 0 1 1 4 ok
0 0 1 2 3 ok
0 0 1 3 2 ok
0 0 1 4 1 ok
0 0 1 5 0 ok
0 0 2 0 4 ok
0 0 2 1 3 ok
0 0 2 2 2 ok
0 0 2 3 1 ok
0 0 2 4 0 ok
0 0 3 0 3 ok
0 0 3 1 2 ok
0 0 3 2 1 ok
0 0 4 0 2 ok
0 0 4 1 1 ok
0 0 4 2 0 ok
0 0 5 0 1 ok
0 0 5 1 0 ok
0 0 6 0 0 ok
0 1 0 0 5 ok
0 1 0 1 4 ok
0 1 0 2 3 ok
0 1 0 3 2 ok
0 1 0 4 1 ok
0 1 0 5 0 ok
0 1 1 0 4 ok
0 1 1 1 3 ok
0 1 1 2 2 ok
0 1 1 3 1 ok
0 1 1 4 0 ok
0 1 2 0 3 ok
0 1 2 1 2 ok
0 1 3 0 2 ok
0 1 3 1 1 ok
0 1 4 0 1 ok
0 1 4 1 0 ok
0 1 5 0 0 ok
0 2 0 0 4 ok
0 2 0 1 3 ok
0 2 0 2 2 ok
0 2 0 3 1 ok
0 2 0 4 0 ok
0 2 1 0 3 ok
0 2 1 1 2 ok
0 2 2 0 2 ok
0 2 3 0 1 ok
0 2 4 0 0 ok
0 3 0 0 3 ok
0 3 0 1 2 ok
0 3 0 2 1 ok
0 3 1 0 2 ok
0 3 1 1 1 ok
0 3 2 0 1 ok
0 4 0 0 2 ok
0 4 0 1 1 ok
0 4 0 2 0 ok
0 4 1 0 1 ok
0 4 1 1 0 ok
0 4 2 0 0 ok
0 5 0 0 1 ok
0 5 0 1 0 ok
0 5 1 0 0 ok
0 6 0 0 0 ok
1 0 0 0 5 ok
1 0 0 1 4 ok
1 0 0 2 3 ok
1 0 0 3 2 ok
1 0 0 4 1 ok
1 0 0 5 0 ok
1 0 1 0 4 ok
1 0 1 1 3 ok
1 0 1 2 2 ok
1 0 1 3 1 ok
1 0 1 4 0 ok
1 0 2 0 3 ok
1 0 2 1 2 ok
1 0 3 0 2 ok
1 0 3 1 1 ok
1 0 4 0 1 ok
1 0 4 1 0 ok
1 0 5 0 0 ok
1 1 0 0 4 ok
1 1 0 1 3 ok
1 1 0 2 2 ok
1 1 0 3 1 ok
1 1 0 4 0 ok
1 1 1 0 3 ok
1 1 1 1 2 ill
1 1 2 0 2 ok
1 1 3 0 1 ok
1 1 4 0 0 ok
1 2 0 0 3 ok
1 2 0 1 2 ok
1 2 1 0 2 ok
1 2 1 1 1 ill
1 3 0 0 2 ok
1 3 0 1 1 ok
1 3 1 0 1 ok
1 3 1 1 0 ill
1 4 0 0 1 ok
1 4 0 1 0 ok
1 4 1 0 0 ok
1 5 0 0 0 ok
2 0 0 0 4 ok
2 0 0 1 3 ok
2 0 0 2 2 ok
2 0 0 3 1 ok
2 0 0 4 0 ok
2 0 1 0 3 ok
2 0 1 1 2 ok
2 0 2 0 2 ok
2 0 3 0 1 ok
2 0 4 0 0 ok
2 1 0 0 3 ok
2 1 0 1 2 ok
2 1 1 0 2 ok
2 2 0 0 2 ok
2 3 0 0 1 ok
2 4 0 0 0 ok
3 0 0 0 3 ok
3 0 0 1 2 ok
3 0 0 2 1 ok
3 0 1 0 2 ok
3 0 1 1 1 ok
3 0 2 0 1 ok
3 1 0 0 2 ok
3 1 0 1 1 ok
3 1 1 0 1 ok
3 2 0 0 1 ok
4 0 0 0 2 ok
4 0 0 1 1 ok
4 0 0 2 0 ok
4 0 1 0 1 ok
4 0 1 1 0 ok
4 0 2 0 0 ok
4 1 0 0 1 ok
4 1 0 1 0 ok
4 1 1 0 0 ok
4 2 0 0 0 ok
5 0 0 0 1 ok
5 0 0 1 0 ok
5 0 1 0 0 ok
5 1 0 0 0 ok
6 0 0 0 0 ok






0 0 3 3 0 ill
0 1 2 2 1 ill
0 1 2 3 0 ill
0 1 3 2 0 ill
0 2 1 2 1 ill
0 2 1 3 0 ill
0 2 2 1 1 ill
0 2 2 2 0 ill
0 2 3 1 0 ill
0 3 0 3 0 ill
0 3 1 2 0 ill
0 3 2 1 0 ill
0 3 3 0 0 ill
1 0 2 2 1 ill
1 0 2 3 0 ill
1 0 3 2 0 ill
1 1 1 2 1 ill
1 1 1 3 0 ill
1 1 2 1 1 ill
1 1 2 2 0 ill
1 1 3 1 0 ill
1 2 0 2 1 ill
1 2 0 3 0 ill
1 2 1 2 0 ill
1 2 2 0 1 ill
1 2 2 1 0 ill
1 2 3 0 0 ill
1 3 0 2 0 ill
1 3 2 0 0 ill
2 0 1 2 1 ill
2 0 1 3 0 ill
2 0 2 1 1 ill
2 0 2 2 0 ill
2 0 3 1 0 ill
2 1 0 2 1 ill
2 1 0 3 0 ill
2 1 1 1 1 ill
2 1 1 2 0 ill
2 1 2 0 1 ill
2 1 2 1 0 ill
2 1 3 0 0 ill
2 2 0 1 1 ill
2 2 0 2 0 ill
2 2 1 0 1 ill
2 2 1 1 0 ill
2 2 2 0 0 ill
2 3 0 1 0 ill
2 3 1 0 0 ill
3 0 0 3 0 ill
3 0 1 2 0 ill
3 0 2 1 0 ill
3 0 3 0 0 ill
3 1 0 2 0 ill
3 1 1 1 0 ill
3 1 2 0 0 ill
3 2 0 1 0 ill
3 2 1 0 0 ill
3 3 0 0 0 ill



